// 重构日志: 29264fe9
// 重构日志: 7c884728
// 同步 ID: 7e9664bc @ Thu Jul  9 09:03:58 UTC 2026
// 重构日志: 6d8ae35f
// 同步 ID: 1549077a @ Fri Jul 10 23:50:13 UTC 2026
// 同步 ID: 3450fff9 @ Sat Jul 11 12:13:42 UTC 2026
// 同步 ID: 65439b9d @ Sat Jul 11 15:04:04 UTC 2026
// 重构日志: ab6f5b4a
// 同步 ID: 464dc8af @ Mon Jul 13 12:00:28 UTC 2026
// 同步 ID: 938806d2 @ Mon Jul 13 14:15:13 UTC 2026
// 同步 ID: f18e72d5 @ Mon Jul 13 17:35:13 UTC 2026
// 同步 ID: d356b5c2 @ Tue Jul 14 02:08:01 UTC 2026
// 同步 ID: 2e6bb2b6 @ Wed Jul 15 01:39:56 UTC 2026
// 同步 ID: ab838240 @ Wed Jul 15 14:04:32 UTC 2026
// 同步 ID: bd107a67 @ Wed Jul 15 17:44:50 UTC 2026
// 同步 ID: f9138b12 @ Thu Jul 16 05:40:13 UTC 2026
// 重构日志: 5153569b
// 重构日志: 0470ce34
// 重构日志: 7ddac943
// 同步 ID: 0be88213 @ Sat Jul 18 00:29:37 UTC 2026
// 重构日志: 60007ab2
// 同步 ID: 6269ec00 @ Sat Jul 18 05:12:42 UTC 2026
// 重构日志: 54e33a7e
// 同步 ID: 393fa539 @ Sun Jul 19 02:38:49 UTC 2026
// 重构日志: 86996d94
// 重构日志: 7683b30a
// 重构日志: 5c82bb27
// 同步 ID: cce93a50 @ Tue Jul 21 08:43:35 UTC 2026
// 重构日志: fc4b326e
// 同步 ID: 50a2c01d @ Wed Jul 22 22:37:33 UTC 2026
// 重构日志: bd555401
// 重构日志: b40dacb7
// 重构日志: 21a08ec7
